{
  "stats": {
    "suites": 1,
    "tests": 2,
    "passes": 2,
    "pending": 0,
    "failures": 0,
    "start": "2025-12-05T10:20:22.752Z",
    "end": "2025-12-05T10:20:28.186Z",
    "duration": 5434,
    "testsRegistered": 2,
    "passPercent": 100,
    "pendingPercent": 0,
    "other": 0,
    "hasOther": false,
    "skipped": 0,
    "hasSkipped": false
  },
  "results": [
    {
      "uuid": "e072e1ca-6dc7-49ed-9a43-db68e0341bce",
      "title": "",
      "fullFile": "cypress/e2e/02-login.cy.js",
      "file": "cypress/e2e/02-login.cy.js",
      "beforeHooks": [],
      "afterHooks": [],
      "tests": [],
      "suites": [
        {
          "uuid": "4a9ec34e-36c1-49b6-9308-6827a4f1e925",
          "title": "Login page with Keycloak",
          "fullFile": "",
          "file": "",
          "beforeHooks": [],
          "afterHooks": [],
          "tests": [
            {
              "title": "should allow a user to login via Keycloak",
              "fullTitle": "Login page with Keycloak should allow a user to login via Keycloak",
              "timedOut": null,
              "duration": 3736,
              "state": "passed",
              "speed": "fast",
              "pass": true,
              "fail": false,
              "pending": false,
              "context": null,
              "code": "cy.get('button[id=\"get-started-button\"]').click();\ncy.location(\"href\", {\n  timeout: 20000\n}).should(url => {\n  expect(url).to.contain(keycloakOrigin);\n});\ncy.origin(keycloakOrigin, () => {\n  cy.get('input[name=\"username\"]').type(\"testuser@gmail.com\");\n  cy.get('input[name=\"password\"]').type(\"TestPassword123!\");\n  cy.get('input[name=\"login\"]').click();\n});\ncy.url().should(\"eq\", Cypress.config().baseUrl + \"/profile\");\ncy.contains(\"Test User\").should(\"be.visible\");\ncy.contains(\"testuser@gmail.com\").should(\"be.visible\");",
              "err": {},
              "uuid": "4d7a248c-8daf-4ee8-8fc1-12e998ca356e",
              "parentUUID": "4a9ec34e-36c1-49b6-9308-6827a4f1e925",
              "isHook": false,
              "skipped": false
            },
            {
              "title": "should show an error for invalid credentials",
              "fullTitle": "Login page with Keycloak should show an error for invalid credentials",
              "timedOut": null,
              "duration": 1667,
              "state": "passed",
              "speed": "fast",
              "pass": true,
              "fail": false,
              "pending": false,
              "context": null,
              "code": "cy.get('button[id=\"get-started-button\"]').click();\ncy.location(\"href\", {\n  timeout: 20000\n}).should(url => {\n  expect(url).to.contain(keycloakOrigin);\n});\ncy.origin(keycloakOrigin, () => {\n  cy.get('input[name=\"username\"]').type(\"wronguser\");\n  cy.get('input[name=\"password\"]').type(\"wrongpass\");\n  cy.get('input[name=\"login\"]').click();\n  cy.contains(\"Invalid username or password\").should(\"be.visible\");\n});",
              "err": {},
              "uuid": "3937a0c2-fe68-41d9-b3c6-13721da59c6a",
              "parentUUID": "4a9ec34e-36c1-49b6-9308-6827a4f1e925",
              "isHook": false,
              "skipped": false
            }
          ],
          "suites": [],
          "passes": [
            "4d7a248c-8daf-4ee8-8fc1-12e998ca356e",
            "3937a0c2-fe68-41d9-b3c6-13721da59c6a"
          ],
          "failures": [],
          "pending": [],
          "skipped": [],
          "duration": 5403,
          "root": false,
          "rootEmpty": false,
          "_timeout": 2000
        }
      ],
      "passes": [],
      "failures": [],
      "pending": [],
      "skipped": [],
      "duration": 0,
      "root": true,
      "rootEmpty": true,
      "_timeout": 2000
    }
  ],
  "meta": {
    "mocha": {
      "version": "7.2.0"
    },
    "mochawesome": {
      "options": {
        "quiet": false,
        "reportFilename": "mochawesome",
        "saveHtml": false,
        "saveJson": true,
        "consoleReporter": "spec",
        "useInlineDiffs": false,
        "code": true
      },
      "version": "7.1.4"
    },
    "marge": {
      "options": {
        "reportDir": "reports/e2e",
        "overwrite": false,
        "html": false,
        "json": true
      },
      "version": "6.3.2"
    }
  }
}