{
  "stats": {
    "suites": 1,
    "tests": 1,
    "passes": 1,
    "pending": 0,
    "failures": 0,
    "start": "2025-12-05T10:20:29.743Z",
    "end": "2025-12-05T10:20:33.843Z",
    "duration": 4100,
    "testsRegistered": 1,
    "passPercent": 100,
    "pendingPercent": 0,
    "other": 0,
    "hasOther": false,
    "skipped": 0,
    "hasSkipped": false
  },
  "results": [
    {
      "uuid": "618bbb42-f751-49f5-9beb-783358c0b57a",
      "title": "",
      "fullFile": "cypress/e2e/03-logout.cy.js",
      "file": "cypress/e2e/03-logout.cy.js",
      "beforeHooks": [],
      "afterHooks": [],
      "tests": [],
      "suites": [
        {
          "uuid": "21a361a9-d277-4d73-a543-e722084b36ba",
          "title": "Logout functionality with Keycloak",
          "fullFile": "",
          "file": "",
          "beforeHooks": [],
          "afterHooks": [],
          "tests": [
            {
              "title": "should allow a logged-in user to logout",
              "fullTitle": "Logout functionality with Keycloak should allow a logged-in user to logout",
              "timedOut": null,
              "duration": 4092,
              "state": "passed",
              "speed": "fast",
              "pass": true,
              "fail": false,
              "pending": false,
              "context": null,
              "code": "cy.get('button[id=\"logout-button\"]').click();\ncy.url().should(\"eq\", Cypress.config().baseUrl + \"/\");",
              "err": {},
              "uuid": "4d509a28-2bfe-4c09-99b0-58be440153a3",
              "parentUUID": "21a361a9-d277-4d73-a543-e722084b36ba",
              "isHook": false,
              "skipped": false
            }
          ],
          "suites": [],
          "passes": [
            "4d509a28-2bfe-4c09-99b0-58be440153a3"
          ],
          "failures": [],
          "pending": [],
          "skipped": [],
          "duration": 4092,
          "root": false,
          "rootEmpty": false,
          "_timeout": 2000
        }
      ],
      "passes": [],
      "failures": [],
      "pending": [],
      "skipped": [],
      "duration": 0,
      "root": true,
      "rootEmpty": true,
      "_timeout": 2000
    }
  ],
  "meta": {
    "mocha": {
      "version": "7.2.0"
    },
    "mochawesome": {
      "options": {
        "quiet": false,
        "reportFilename": "mochawesome",
        "saveHtml": false,
        "saveJson": true,
        "consoleReporter": "spec",
        "useInlineDiffs": false,
        "code": true
      },
      "version": "7.1.4"
    },
    "marge": {
      "options": {
        "reportDir": "reports/e2e",
        "overwrite": false,
        "html": false,
        "json": true
      },
      "version": "6.3.2"
    }
  }
}