{
  "stats": {
    "suites": 1,
    "tests": 1,
    "passes": 1,
    "pending": 0,
    "failures": 0,
    "start": "2025-12-05T10:20:35.368Z",
    "end": "2025-12-05T10:20:42.850Z",
    "duration": 7482,
    "testsRegistered": 1,
    "passPercent": 100,
    "pendingPercent": 0,
    "other": 0,
    "hasOther": false,
    "skipped": 0,
    "hasSkipped": false
  },
  "results": [
    {
      "uuid": "a3ac1e2a-c451-4743-8c03-c32f8f8393c4",
      "title": "",
      "fullFile": "cypress/e2e/99-delete-account.cy.js",
      "file": "cypress/e2e/99-delete-account.cy.js",
      "beforeHooks": [],
      "afterHooks": [],
      "tests": [],
      "suites": [
        {
          "uuid": "ed87bc46-ac21-4ee0-bf91-0e8cd08119f0",
          "title": "Delete account",
          "fullFile": "",
          "file": "",
          "beforeHooks": [],
          "afterHooks": [],
          "tests": [
            {
              "title": "should allow the user to delete his account",
              "fullTitle": "Delete account should allow the user to delete his account",
              "timedOut": null,
              "duration": 7464,
              "state": "passed",
              "speed": "medium",
              "pass": true,
              "fail": false,
              "pending": false,
              "context": null,
              "code": "cy.get('button[id=\"edit-profile-button\"]').click();\ncy.intercept(`${keycloakOrigin}/**`).as(\"keycloak\");\ncy.wait(\"@keycloak\");\ncy.location(\"href\", {\n  timeout: 20000\n}).should(url => {\n  expect(url).to.contain(keycloakOrigin);\n});\ncy.origin(keycloakOrigin, () => {\n  cy.contains(\"button\", \"Delete account\").should(\"be.visible\").click();\n  cy.get('button[id=\"delete-account-btn\"]').click();\n  cy.get('input[name=\"password\"]').type(\"TestPassword123!\");\n  cy.get('input[id=\"kc-login\"]').click();\n  cy.get('input[type=\"submit\"]').click();\n  cy.contains(\"User deleted successfully\").should(\"be.visible\");\n});",
              "err": {},
              "uuid": "1d0841db-4c9e-4089-8792-6b7490ffb930",
              "parentUUID": "ed87bc46-ac21-4ee0-bf91-0e8cd08119f0",
              "isHook": false,
              "skipped": false
            }
          ],
          "suites": [],
          "passes": [
            "1d0841db-4c9e-4089-8792-6b7490ffb930"
          ],
          "failures": [],
          "pending": [],
          "skipped": [],
          "duration": 7464,
          "root": false,
          "rootEmpty": false,
          "_timeout": 2000
        }
      ],
      "passes": [],
      "failures": [],
      "pending": [],
      "skipped": [],
      "duration": 0,
      "root": true,
      "rootEmpty": true,
      "_timeout": 2000
    }
  ],
  "meta": {
    "mocha": {
      "version": "7.2.0"
    },
    "mochawesome": {
      "options": {
        "quiet": false,
        "reportFilename": "mochawesome",
        "saveHtml": false,
        "saveJson": true,
        "consoleReporter": "spec",
        "useInlineDiffs": false,
        "code": true
      },
      "version": "7.1.4"
    },
    "marge": {
      "options": {
        "reportDir": "reports/e2e",
        "overwrite": false,
        "html": false,
        "json": true
      },
      "version": "6.3.2"
    }
  }
}